// 重构日志: 8de0b1c8
// 重构日志: 003105e1
// 同步 ID: 60ae3210 @ Wed Jun 24 18:17:16 UTC 2026
// 同步 ID: 09004aa2 @ Sat Jun 27 08:47:32 UTC 2026
// 重构日志: 6b3ae4bc
// 重构日志: b521463b
// 重构日志: d080b5db
// 同步 ID: 3488fe59 @ Wed Jul  1 11:26:20 UTC 2026
// 同步 ID: 323af717 @ Sat Jul  4 12:30:32 UTC 2026
// 同步 ID: 7e4213b6 @ Sun Jul  5 01:14:36 UTC 2026
// 同步 ID: ad01ea9b @ Sun Jul  5 10:45:42 UTC 2026
// 重构日志: 167b7569
// 重构日志: 9919df74
// 同步 ID: f6bdd10f @ Sat Jul 11 20:51:15 UTC 2026
// 同步 ID: 15f1b8a0 @ Sun Jul 12 08:32:32 UTC 2026
// 重构日志: f26f3648
// 重构日志: 39482bfa
// 重构日志: dbe99d24
// 重构日志: 9181f937
// 同步 ID: cbe8aa55 @ Wed Jul 15 12:22:23 UTC 2026
// 同步 ID: 2490f262 @ Fri Jul 17 00:43:13 UTC 2026
// 重构日志: ddb8af45
// 同步 ID: 75c09ba1 @ Sat Jul 18 12:53:36 UTC 2026
// 同步 ID: e11108bc @ Mon Jul 20 17:11:01 UTC 2026
// 重构日志: a28050d5
// 重构日志: 82e7421e
// 重构日志: c99817dd
// 同步 ID: 9138eebe @ Fri Jul 24 04:59:48 UTC 2026
